DEBUG 2021-11-26 23:10:25,212 autoreload 20036 18760 File E:\DD\Music\Tech\neshama-food\venv\Lib\site-packages\PIL\ImageMode.py first seen with mtime 1637615862.5669906
DEBUG 2021-11-26 23:10:25,213 autoreload 20036 18760 File E:\DD\Music\Tech\neshama-food\store\migrations\__init__.py first seen with mtime 1591074352.0
DEBUG 2021-11-26 23:10:25,213 autoreload 20036 18760 File E:\DD\Music\Tech\neshama-food\venv\Lib\site-packages\django\contrib\auth\migrations\0006_require_contenttypes_0002.py first seen with mtime 1637613460.9186325
DEBUG 2021-11-26 23:10:25,213 autoreload 20036 18760 File E:\DD\Music\Tech\neshama-food\venv\Lib\site-packages\django\contrib\auth\migrations\0008_alter_user_username_max_length.py first seen with mtime 1637613460.9186325
DEBUG 2021-11-26 23:10:25,214 autoreload 20036 18760 File E:\DD\Music\Tech\neshama-food\venv\Lib\site-packages\django\contrib\sessions\middleware.py first seen with mtime 1637613461.4427114
DEBUG 2021-11-26 23:10:25,214 autoreload 20036 18760 File E:\DD\Music\Tech\neshama-food\venv\Lib\site-packages\django\db\migrations\loader.py first seen with mtime 1637613461.6652582
DEBUG 2021-11-26 23:10:25,215 autoreload 20036 18760 File E:\DD\Music\Tech\neshama-food\venv\Lib\site-packages\django\db\migrations\executor.py first seen with mtime 1637613461.6642616
DEBUG 2021-11-26 23:10:25,215 autoreload 20036 18760 File E:\DD\Music\Tech\neshama-food\venv\Lib\site-packages\django\contrib\staticfiles\storage.py first seen with mtime 1637613461.606012
DEBUG 2021-11-26 23:10:25,215 autoreload 20036 18760 File E:\DD\Music\Tech\neshama-food\venv\Lib\site-packages\django\contrib\sessions\backends\__init__.py first seen with mtime 1637613461.4437084
DEBUG 2021-11-26 23:10:25,215 autoreload 20036 18760 File E:\DD\Music\Tech\neshama-food\store\migrations\0004_auto_20200528_1430.py first seen with mtime 1591074352.0
DEBUG 2021-11-26 23:10:25,215 autoreload 20036 18760 File E:\DD\Music\Tech\neshama-food\venv\Lib\site-packages\PIL\_binary.py first seen with mtime 1637615862.584943
DEBUG 2021-11-26 23:10:25,216 autoreload 20036 18760 File E:\DD\Music\Tech\neshama-food\venv\Lib\site-packages\django\contrib\auth\migrations\0004_alter_user_username_opts.py first seen with mtime 1637613460.9176455
DEBUG 2021-11-26 23:10:25,216 autoreload 20036 18760 File E:\DD\Music\Tech\neshama-food\venv\Lib\site-packages\django\contrib\contenttypes\migrations\__init__.py first seen with mtime 1637613460.9932218
DEBUG 2021-11-26 23:10:25,216 autoreload 20036 18760 File E:\DD\Music\Tech\neshama-food\venv\Lib\site-packages\PIL\_util.py first seen with mtime 1637615862.6098833
DEBUG 2021-11-26 23:10:25,216 autoreload 20036 18760 File E:\DD\Music\Tech\neshama-food\venv\Lib\site-packages\django\middleware\common.py first seen with mtime 1637613461.7121334
DEBUG 2021-11-26 23:10:25,216 autoreload 20036 18760 File E:\DD\Music\Tech\neshama-food\venv\Lib\site-packages\django\core\cache\backends\locmem.py first seen with mtime 1637613461.6153932
DEBUG 2021-11-26 23:10:25,217 autoreload 20036 18760 File E:\DD\Music\Tech\neshama-food\venv\Lib\site-packages\whitenoise\middleware.py first seen with mtime 1637613460.148027
DEBUG 2021-11-26 23:10:25,217 autoreload 20036 18760 File E:\DD\Music\Tech\neshama-food\venv\Lib\site-packages\PIL\_imaging.cp310-win_amd64.pyd first seen with mtime 1637615862.5989048
DEBUG 2021-11-26 23:10:25,217 autoreload 20036 18760 File E:\DD\Music\Tech\neshama-food\venv\Lib\site-packages\django\contrib\admin\migrations\__init__.py first seen with mtime 1637613460.6950011
DEBUG 2021-11-26 23:10:25,217 autoreload 20036 18760 File E:\DD\Music\Tech\neshama-food\store\migrations\0010_auto_20200531_2234.py first seen with mtime 1591074352.0
DEBUG 2021-11-26 23:10:25,217 autoreload 20036 18760 File E:\DD\Music\Tech\neshama-food\venv\Lib\site-packages\PIL\Image.py first seen with mtime 1637615862.562004
DEBUG 2021-11-26 23:10:25,218 autoreload 20036 18760 File E:\DD\Music\Tech\neshama-food\store\migrations\0002_auto_20200528_1402.py first seen with mtime 1591074352.0
DEBUG 2021-11-26 23:10:25,219 autoreload 20036 18760 File E:\DD\Music\Tech\neshama-food\venv\Lib\site-packages\django\contrib\contenttypes\migrations\0001_initial.py first seen with mtime 1637613460.9932218
DEBUG 2021-11-26 23:10:25,220 autoreload 20036 18760 File E:\DD\Music\Tech\neshama-food\store\migrations\0005_auto_20200528_1732.py first seen with mtime 1591074352.0
DEBUG 2021-11-26 23:10:25,220 autoreload 20036 18760 File E:\DD\Music\Tech\neshama-food\Eshop\wsgi.py first seen with mtime 1591074352.0
DEBUG 2021-11-26 23:10:25,220 autoreload 20036 18760 File E:\DD\Music\Tech\neshama-food\venv\Lib\site-packages\django\views\csrf.py first seen with mtime 1637613461.7460425
DEBUG 2021-11-26 23:10:25,221 autoreload 20036 18760 File E:\DD\Music\Tech\neshama-food\venv\Lib\site-packages\django\contrib\admin\migrations\0001_initial.py first seen with mtime 1637613460.6940036
DEBUG 2021-11-26 23:10:25,221 autoreload 20036 18760 File E:\DD\Music\Tech\neshama-food\store\migrations\0012_auto_20211024_0024.py first seen with mtime 1635024299.9803061
DEBUG 2021-11-26 23:10:25,221 autoreload 20036 18760 File E:\DD\Music\Tech\neshama-food\venv\Lib\site-packages\django\contrib\messages\middleware.py first seen with mtime 1637613461.2980983
DEBUG 2021-11-26 23:10:25,221 autoreload 20036 18760 File E:\DD\Music\Tech\neshama-food\venv\Lib\site-packages\django\db\models\sql\compiler.py first seen with mtime 1637613461.684208
DEBUG 2021-11-26 23:10:25,222 autoreload 20036 18760 File E:\DD\Music\Tech\neshama-food\venv\Lib\site-packages\django\contrib\sessions\migrations\__init__.py first seen with mtime 1637613461.5182276
DEBUG 2021-11-26 23:10:25,222 autoreload 20036 18760 File E:\DD\Music\Tech\neshama-food\store\migrations\0008_auto_20200531_2229.py first seen with mtime 1591074352.0
DEBUG 2021-11-26 23:10:25,222 autoreload 20036 18760 File E:\DD\Music\Tech\neshama-food\venv\Lib\site-packages\django\contrib\sessions\backends\base.py first seen with mtime 1637613461.4437084
DEBUG 2021-11-26 23:10:25,222 autoreload 20036 18760 File E:\DD\Music\Tech\neshama-food\venv\Lib\site-packages\django\contrib\contenttypes\migrations\0002_remove_content_type_name.py first seen with mtime 1637613460.9932218
DEBUG 2021-11-26 23:10:25,223 autoreload 20036 18760 File E:\DD\Music\Tech\neshama-food\store\migrations\0006_customer.py first seen with mtime 1591074352.0
DEBUG 2021-11-26 23:10:25,223 autoreload 20036 18760 File E:\DD\Music\Tech\neshama-food\venv\Lib\site-packages\django\contrib\sessions\exceptions.py first seen with mtime 1637613461.4427114
DEBUG 2021-11-26 23:10:25,223 autoreload 20036 18760 File E:\DD\Music\Tech\neshama-food\venv\Lib\site-packages\django\db\migrations\graph.py first seen with mtime 1637613461.6652582
DEBUG 2021-11-26 23:10:25,224 autoreload 20036 18760 File E:\DD\Music\Tech\neshama-food\venv\Lib\site-packages\django\contrib\auth\migrations\0005_alter_user_last_login_null.py first seen with mtime 1637613460.9176455
DEBUG 2021-11-26 23:10:25,224 autoreload 20036 18760 File E:\DD\Music\Tech\neshama-food\venv\Lib\site-packages\PIL\TiffTags.py first seen with mtime 1637615862.5819504
DEBUG 2021-11-26 23:10:25,224 autoreload 20036 18760 File E:\DD\Music\Tech\neshama-food\store\migrations\0007_auto_20200529_2246.py first seen with mtime 1591074352.0
DEBUG 2021-11-26 23:10:25,224 autoreload 20036 18760 File E:\DD\Music\Tech\neshama-food\venv\Lib\site-packages\django\contrib\auth\migrations\0001_initial.py first seen with mtime 1637613460.9166374
DEBUG 2021-11-26 23:10:25,225 autoreload 20036 18760 File C:\Python310\Lib\stringprep.py first seen with mtime 1633367524.0
DEBUG 2021-11-26 23:10:25,225 autoreload 20036 18760 File E:\DD\Music\Tech\neshama-food\venv\Lib\site-packages\django\contrib\admin\migrations\0003_logentry_add_action_flag_choices.py first seen with mtime 1637613460.6950011
DEBUG 2021-11-26 23:10:25,225 autoreload 20036 18760 File E:\DD\Music\Tech\neshama-food\venv\Lib\site-packages\django\contrib\auth\migrations\0007_alter_validators_add_error_messages.py first seen with mtime 1637613460.9186325
DEBUG 2021-11-26 23:10:25,226 autoreload 20036 18760 File E:\DD\Music\Tech\neshama-food\store\migrations\0009_order.py first seen with mtime 1591074352.0
DEBUG 2021-11-26 23:10:25,226 autoreload 20036 18760 File E:\DD\Music\Tech\neshama-food\venv\Lib\site-packages\django\contrib\sessions\migrations\0001_initial.py first seen with mtime 1637613461.5182276
DEBUG 2021-11-26 23:10:25,226 autoreload 20036 18760 File E:\DD\Music\Tech\neshama-food\store\migrations\0011_order_status.py first seen with mtime 1591074352.0
DEBUG 2021-11-26 23:10:25,226 autoreload 20036 18760 File E:\DD\Music\Tech\neshama-food\venv\Lib\site-packages\django\contrib\sessions\backends\db.py first seen with mtime 1637613461.444706
DEBUG 2021-11-26 23:10:25,226 autoreload 20036 18760 File E:\DD\Music\Tech\neshama-food\venv\Lib\site-packages\django\contrib\auth\migrations\__init__.py first seen with mtime 1637613460.9196022
DEBUG 2021-11-26 23:10:25,227 autoreload 20036 18760 File E:\DD\Music\Tech\neshama-food\venv\Lib\site-packages\django\contrib\auth\migrations\0009_alter_user_last_name_max_length.py first seen with mtime 1637613460.9186325
DEBUG 2021-11-26 23:10:25,227 autoreload 20036 18760 File E:\DD\Music\Tech\neshama-food\venv\Lib\site-packages\django\middleware\security.py first seen with mtime 1637613461.7141283
DEBUG 2021-11-26 23:10:25,227 autoreload 20036 18760 File E:\DD\Music\Tech\neshama-food\store\migrations\0003_product_category.py first seen with mtime 1591074352.0
DEBUG 2021-11-26 23:10:25,227 autoreload 20036 18760 File E:\DD\Music\Tech\neshama-food\venv\Lib\site-packages\PIL\__init__.py first seen with mtime 1637615862.5839639
DEBUG 2021-11-26 23:10:25,227 autoreload 20036 18760 File E:\DD\Music\Tech\neshama-food\venv\Lib\site-packages\django\contrib\auth\migrations\0010_alter_group_name_max_length.py first seen with mtime 1637613460.9196022
DEBUG 2021-11-26 23:10:25,227 autoreload 20036 18760 File E:\DD\Music\Tech\neshama-food\venv\Lib\site-packages\django\contrib\auth\migrations\0002_alter_permission_name_max_length.py first seen with mtime 1637613460.9166374
DEBUG 2021-11-26 23:10:25,227 autoreload 20036 18760 File E:\DD\Music\Tech\neshama-food\venv\Lib\site-packages\django\contrib\auth\migrations\0003_alter_user_email_max_length.py first seen with mtime 1637613460.9176455
DEBUG 2021-11-26 23:10:25,228 autoreload 20036 18760 File E:\DD\Music\Tech\neshama-food\venv\Lib\site-packages\django\contrib\admin\migrations\0002_logentry_remove_auto_add.py first seen with mtime 1637613460.6950011
DEBUG 2021-11-26 23:10:25,228 autoreload 20036 18760 File C:\Python310\Lib\encodings\idna.py first seen with mtime 1633367524.0
DEBUG 2021-11-26 23:10:25,228 autoreload 20036 18760 File E:\DD\Music\Tech\neshama-food\venv\Lib\site-packages\django\contrib\auth\migrations\0012_alter_user_first_name_max_length.py first seen with mtime 1637613460.9196022
DEBUG 2021-11-26 23:10:25,229 autoreload 20036 18760 File E:\DD\Music\Tech\neshama-food\store\migrations\0001_initial.py first seen with mtime 1591074352.0
DEBUG 2021-11-26 23:10:25,229 autoreload 20036 18760 File E:\DD\Music\Tech\neshama-food\venv\Lib\site-packages\django\db\migrations\recorder.py first seen with mtime 1637613461.6662562
DEBUG 2021-11-26 23:10:25,230 autoreload 20036 18760 File E:\DD\Music\Tech\neshama-food\venv\Lib\site-packages\PIL\_version.py first seen with mtime 1637615862.6098833
DEBUG 2021-11-26 23:10:25,230 autoreload 20036 18760 File E:\DD\Music\Tech\neshama-food\venv\Lib\site-packages\django\middleware\clickjacking.py first seen with mtime 1637613461.7121334
DEBUG 2021-11-26 23:10:25,230 autoreload 20036 18760 File E:\DD\Music\Tech\neshama-food\venv\Lib\site-packages\django\contrib\auth\migrations\0011_update_proxy_permissions.py first seen with mtime 1637613460.9196022
INFO 2021-11-26 23:10:27,757 basehttp 20036 8748 "GET / HTTP/1.1" 302 0
DEBUG 2021-11-26 23:10:27,808 base 20036 8748 Exception while resolving variable 'customer' in template 'index.html'.
Traceback (most recent call last):
  File "E:\DD\Music\Tech\neshama-food\venv\lib\site-packages\django\template\base.py", line 829, in _resolve_lookup
    current = current[bit]
  File "E:\DD\Music\Tech\neshama-food\venv\lib\site-packages\django\contrib\sessions\backends\base.py", line 65, in __getitem__
    return self._session[key]
KeyError: 'customer'

During handling of the above exception, another exception occurred:

Traceback (most recent call last):
  File "E:\DD\Music\Tech\neshama-food\venv\lib\site-packages\django\template\base.py", line 837, in _resolve_lookup
    current = getattr(current, bit)
AttributeError: 'SessionStore' object has no attribute 'customer'

During handling of the above exception, another exception occurred:

Traceback (most recent call last):
  File "E:\DD\Music\Tech\neshama-food\venv\lib\site-packages\django\template\base.py", line 843, in _resolve_lookup
    current = current[int(bit)]
ValueError: invalid literal for int() with base 10: 'customer'

During handling of the above exception, another exception occurred:

Traceback (most recent call last):
  File "E:\DD\Music\Tech\neshama-food\venv\lib\site-packages\django\template\base.py", line 848, in _resolve_lookup
    raise VariableDoesNotExist("Failed lookup for key "
django.template.base.VariableDoesNotExist: Failed lookup for key [customer] in <django.contrib.sessions.backends.db.SessionStore object at 0x00000145394F8EB0>
DEBUG 2021-11-26 23:10:27,846 utils 20036 8748 (0.000) SELECT "store_category"."id", "store_category"."name" FROM "store_category"; args=()
DEBUG 2021-11-26 23:10:27,848 utils 20036 8748 (0.016) SELECT "store_product"."id", "store_product"."name", "store_product"."price", "store_product"."category_id", "store_product"."description", "store_product"."image" FROM "store_product"; args=()
DEBUG 2021-11-26 23:10:27,857 utils 20036 8748 (0.000) SELECT (1) AS "a" FROM "django_session" WHERE "django_session"."session_key" = 'sjqaw5i1uuzwurf4od2gl0eyuclheqba' LIMIT 1; args=('sjqaw5i1uuzwurf4od2gl0eyuclheqba',)
DEBUG 2021-11-26 23:10:27,859 utils 20036 8748 (0.000) INSERT INTO "django_session" ("session_key", "session_data", "expire_date") VALUES ('sjqaw5i1uuzwurf4od2gl0eyuclheqba', 'eyJjYXJ0Ijp7fX0:1mqiUF:g0JwqBjMN9ZYWJ4tUJp_XoXaHesv2j-lsWhqfoGWKRc', '2021-12-10T21:10:27.857459+00:00'::timestamptz); args=('sjqaw5i1uuzwurf4od2gl0eyuclheqba', 'eyJjYXJ0Ijp7fX0:1mqiUF:g0JwqBjMN9ZYWJ4tUJp_XoXaHesv2j-lsWhqfoGWKRc', datetime.datetime(2021, 12, 10, 21, 10, 27, 857459, tzinfo=<UTC>))
INFO 2021-11-26 23:10:27,860 basehttp 20036 8748 "GET /store HTTP/1.1" 200 22054
INFO 2021-11-26 23:10:27,969 basehttp 20036 8748 "GET /image/download/uploads/products/black-forest-cake-thumb.jpg HTTP/1.1" 200 213356
INFO 2021-11-26 23:10:27,969 basehttp 20036 13884 "GET /image/download/uploads/products/Chocolate_cake.jpg HTTP/1.1" 200 56757
INFO 2021-11-26 23:10:27,973 basehttp 20036 23160 "GET /image/download/uploads/products/Indian_Lentil_Curry.jpg HTTP/1.1" 200 101388
INFO 2021-11-26 23:10:27,976 basehttp 20036 8748 "GET /image/download/uploads/products/Chinese_Pearl_Meatballs.jpg HTTP/1.1" 200 75939
INFO 2021-11-26 23:10:27,977 basehttp 20036 13884 "GET /image/download/uploads/products/Chicken_Chop_Suey_with_Ginger.jpg HTTP/1.1" 200 95286
INFO 2021-11-26 23:10:27,979 basehttp 20036 24360 "GET /image/download/uploads/products/Asian_Lettuce_Wraps.jpg HTTP/1.1" 200 105105
INFO 2021-11-26 23:10:27,980 basehttp 20036 21656 "GET /image/download/uploads/products/Masala_Dosa.jpg HTTP/1.1" 200 97587
INFO 2021-11-26 23:10:27,981 basehttp 20036 20272 "GET /image/download/uploads/products/Sambar_Rice.jpg HTTP/1.1" 200 122631
INFO 2021-11-26 23:10:27,982 basehttp 20036 23160 "GET /image/download/uploads/products/Chinese_Soup.jpg HTTP/1.1" 200 103846
INFO 2021-11-26 23:10:27,984 basehttp 20036 8748 "GET /image/download/uploads/products/Kung_Pao_Chicken.jpg HTTP/1.1" 200 81361
INFO 2021-11-26 23:10:27,985 basehttp 20036 13884 "GET /image/download/uploads/products/Mongolian_Chicken_with_Mung_Bean_Sprouts.jpg HTTP/1.1" 200 108368
INFO 2021-11-26 23:10:27,988 basehttp 20036 24360 "GET /image/download/uploads/products/Quick_Shrimp_Stir-Fry.jpg HTTP/1.1" 200 74661
INFO 2021-11-26 23:10:27,988 basehttp 20036 21656 "GET /image/download/uploads/products/Taiwanese_Beef_Noodle_Soup.jpg HTTP/1.1" 200 105066
INFO 2021-11-26 23:10:27,989 basehttp 20036 20272 "GET /image/download/uploads/products/Meatball_sour_soup.jpg HTTP/1.1" 200 79891
INFO 2021-11-26 23:10:27,991 basehttp 20036 23160 "GET /image/download/uploads/products/Romanian_Sarmale.jpg HTTP/1.1" 200 108360
INFO 2021-11-26 23:10:27,993 basehttp 20036 13884 "GET /image/download/uploads/products/Cider_braised_turkey_drumsticks.jpg HTTP/1.1" 200 93671
INFO 2021-11-26 23:10:27,993 basehttp 20036 8748 "GET /image/download/uploads/products/Romanian_Stuffed_Peppers.jpg HTTP/1.1" 200 125809
INFO 2021-11-26 23:10:27,997 basehttp 20036 23160 "GET /image/download/uploads/products/Meat_hummus.jpg HTTP/1.1" 200 75626
INFO 2021-11-26 23:10:27,998 basehttp 20036 20272 "GET /image/download/uploads/products/Israeli_Hummus.jpg HTTP/1.1" 200 135070
INFO 2021-11-26 23:10:27,998 basehttp 20036 21656 "GET /image/download/uploads/products/Israeli_Shakshuka.jpg HTTP/1.1" 200 101003
INFO 2021-11-26 23:10:27,998 basehttp 20036 24360 "GET /image/download/uploads/products/Fried_chicken_with_tofu_skin.jpg HTTP/1.1" 200 91652
INFO 2021-11-26 23:10:28,002 basehttp 20036 13884 "GET /image/download/uploads/products/Slow_cooker_lemon_lamb_stew.jpg HTTP/1.1" 200 118128
INFO 2021-11-26 23:10:28,002 basehttp 20036 8748 "GET /image/download/uploads/products/Tuna_wrap.jpg HTTP/1.1" 200 73523
DEBUG 2021-11-26 23:10:28,190 base 20036 8748 Exception while resolving variable 'name' in template 'unknown'.
Traceback (most recent call last):
  File "E:\DD\Music\Tech\neshama-food\venv\lib\site-packages\django\core\handlers\exception.py", line 47, in inner
    response = get_response(request)
  File "E:\DD\Music\Tech\neshama-food\venv\lib\site-packages\django\core\handlers\base.py", line 167, in _get_response
    callback, callback_args, callback_kwargs = self.resolve_request(request)
  File "E:\DD\Music\Tech\neshama-food\venv\lib\site-packages\django\core\handlers\base.py", line 290, in resolve_request
    resolver_match = resolver.resolve(request.path_info)
  File "E:\DD\Music\Tech\neshama-food\venv\lib\site-packages\django\urls\resolvers.py", line 585, in resolve
    raise Resolver404({'tried': tried, 'path': new_path})
django.urls.exceptions.Resolver404: {'tried': [[<URLResolver <URLPattern list> (admin:admin) 'admin/'>], [<URLResolver <module 'store.urls' from 'E:\\DD\\Music\\Tech\\neshama-food\\store\\urls.py'> (None:None) ''>, <URLPattern '' [name='homepage']>], [<URLResolver <module 'store.urls' from 'E:\\DD\\Music\\Tech\\neshama-food\\store\\urls.py'> (None:None) ''>, <URLPattern 'store' [name='store']>], [<URLResolver <module 'store.urls' from 'E:\\DD\\Music\\Tech\\neshama-food\\store\\urls.py'> (None:None) ''>, <URLPattern 'signup' [name='signup']>], [<URLResolver <module 'store.urls' from 'E:\\DD\\Music\\Tech\\neshama-food\\store\\urls.py'> (None:None) ''>, <URLPattern 'login' [name='login']>], [<URLResolver <module 'store.urls' from 'E:\\DD\\Music\\Tech\\neshama-food\\store\\urls.py'> (None:None) ''>, <URLPattern 'logout' [name='logout']>], [<URLResolver <module 'store.urls' from 'E:\\DD\\Music\\Tech\\neshama-food\\store\\urls.py'> (None:None) ''>, <URLPattern 'cart' [name='cart']>], [<URLResolver <module 'store.urls' from 'E:\\DD\\Music\\Tech\\neshama-food\\store\\urls.py'> (None:None) ''>, <URLPattern 'check-out' [name='checkout']>], [<URLResolver <module 'store.urls' from 'E:\\DD\\Music\\Tech\\neshama-food\\store\\urls.py'> (None:None) ''>, <URLPattern 'orders' [name='orders']>], [<URLPattern '^image/download/(?P<path>.*)$'>]], 'path': 'favicon.ico'}

During handling of the above exception, another exception occurred:

Traceback (most recent call last):
  File "E:\DD\Music\Tech\neshama-food\venv\lib\site-packages\django\template\base.py", line 829, in _resolve_lookup
    current = current[bit]
TypeError: 'URLResolver' object is not subscriptable

During handling of the above exception, another exception occurred:

Traceback (most recent call last):
  File "E:\DD\Music\Tech\neshama-food\venv\lib\site-packages\django\template\base.py", line 837, in _resolve_lookup
    current = getattr(current, bit)
AttributeError: 'URLResolver' object has no attribute 'name'

During handling of the above exception, another exception occurred:

Traceback (most recent call last):
  File "E:\DD\Music\Tech\neshama-food\venv\lib\site-packages\django\template\base.py", line 843, in _resolve_lookup
    current = current[int(bit)]
ValueError: invalid literal for int() with base 10: 'name'

During handling of the above exception, another exception occurred:

Traceback (most recent call last):
  File "E:\DD\Music\Tech\neshama-food\venv\lib\site-packages\django\template\base.py", line 848, in _resolve_lookup
    raise VariableDoesNotExist("Failed lookup for key "
django.template.base.VariableDoesNotExist: Failed lookup for key [name] in <URLResolver <URLPattern list> (admin:admin) 'admin/'>
WARNING 2021-11-26 23:10:28,196 log 20036 8748 Not Found: /favicon.ico
WARNING 2021-11-26 23:10:28,196 basehttp 20036 8748 "GET /favicon.ico HTTP/1.1" 404 3581
DEBUG 2021-11-26 23:10:28,369 autoreload 20036 18760 File E:\DD\Music\Tech\neshama-food\venv\Lib\site-packages\django\contrib\sessions\serializers.py first seen with mtime 1637613461.4437084
DEBUG 2021-11-26 23:10:28,370 autoreload 20036 18760 File E:\DD\Music\Tech\neshama-food\venv\Lib\site-packages\django\contrib\messages\storage\fallback.py first seen with mtime 1637613461.3000927
DEBUG 2021-11-26 23:10:28,371 autoreload 20036 18760 File E:\DD\Music\Tech\neshama-food\venv\Lib\site-packages\django\contrib\messages\context_processors.py first seen with mtime 1637613461.2980983
DEBUG 2021-11-26 23:10:28,372 autoreload 20036 18760 File E:\DD\Music\Tech\neshama-food\venv\Lib\site-packages\django\contrib\messages\storage\base.py first seen with mtime 1637613461.2990954
DEBUG 2021-11-26 23:10:28,372 autoreload 20036 18760 File E:\DD\Music\Tech\neshama-food\venv\Lib\site-packages\django\contrib\messages\storage\cookie.py first seen with mtime 1637613461.2990954
DEBUG 2021-11-26 23:10:28,375 autoreload 20036 18760 File E:\DD\Music\Tech\neshama-food\venv\Lib\site-packages\django\contrib\auth\context_processors.py first seen with mtime 1637613460.8348577
DEBUG 2021-11-26 23:10:28,377 autoreload 20036 18760 File E:\DD\Music\Tech\neshama-food\venv\Lib\site-packages\django\template\context_processors.py first seen with mtime 1637613461.7151253
DEBUG 2021-11-26 23:10:28,379 autoreload 20036 18760 File E:\DD\Music\Tech\neshama-food\venv\Lib\site-packages\django\conf\locale\en\__init__.py first seen with mtime 1637613460.430386
DEBUG 2021-11-26 23:10:28,380 autoreload 20036 18760 File E:\DD\Music\Tech\neshama-food\venv\Lib\site-packages\django\conf\locale\en\formats.py first seen with mtime 1637613460.430386
DEBUG 2021-11-26 23:10:28,380 autoreload 20036 18760 File E:\DD\Music\Tech\neshama-food\venv\Lib\site-packages\django\contrib\messages\storage\session.py first seen with mtime 1637613461.3000927
DEBUG 2021-11-26 23:10:28,381 autoreload 20036 18760 File E:\DD\Music\Tech\neshama-food\venv\Lib\site-packages\django\contrib\messages\utils.py first seen with mtime 1637613461.2980983
